<?xml version="1.0" encoding="UTF-8"?>
<coverage generated="1654285065347" clover="3.2.0">
  <project timestamp="1654285065347" name="All files">
    <metrics statements="25" coveredstatements="10" conditionals="8" coveredconditionals="0" methods="2" coveredmethods="0" elements="35" coveredelements="10" complexity="0" loc="25" ncloc="25" packages="2" files="2" classes="2"/>
    <package name="models">
      <metrics statements="3" coveredstatements="3" conditionals="0" coveredconditionals="0" methods="0" coveredmethods="0"/>
      <file name="prenotazione.js" path="C:\Users\Michele\Desktop\Ingegneria del Software\progetto\userCal\bikeManBooking\models\prenotazione.js">
        <metrics statements="3" coveredstatements="3" conditionals="0" coveredconditionals="0" methods="0" coveredmethods="0"/>
        <line num="1" count="1" type="stmt"/>
        <line num="3" count="1" type="stmt"/>
        <line num="24" count="1" type="stmt"/>
      </file>
    </package>
    <package name="routes">
      <metrics statements="22" coveredstatements="7" conditionals="8" coveredconditionals="0" methods="2" coveredmethods="0"/>
      <file name="calendarioU.js" path="C:\Users\Michele\Desktop\Ingegneria del Software\progetto\userCal\bikeManBooking\routes\calendarioU.js">
        <metrics statements="22" coveredstatements="7" conditionals="8" coveredconditionals="0" methods="2" coveredmethods="0"/>
        <line num="1" count="1" type="stmt"/>
        <line num="2" count="1" type="stmt"/>
        <line num="3" count="1" type="stmt"/>
        <line num="4" count="1" type="stmt"/>
        <line num="7" count="1" type="stmt"/>
        <line num="8" count="0" type="stmt"/>
        <line num="9" count="0" type="cond" truecount="0" falsecount="4"/>
        <line num="10" count="0" type="stmt"/>
        <line num="12" count="0" type="stmt"/>
        <line num="14" count="0" type="stmt"/>
        <line num="15" count="0" type="cond" truecount="0" falsecount="2"/>
        <line num="16" count="0" type="cond" truecount="0" falsecount="2"/>
        <line num="17" count="0" type="stmt"/>
        <line num="20" count="0" type="stmt"/>
        <line num="26" count="0" type="stmt"/>
        <line num="30" count="1" type="stmt"/>
        <line num="31" count="0" type="stmt"/>
        <line num="37" count="0" type="stmt"/>
        <line num="38" count="0" type="stmt"/>
        <line num="39" count="0" type="stmt"/>
        <line num="41" count="0" type="stmt"/>
        <line num="45" count="1" type="stmt"/>
      </file>
    </package>
  </project>
</coverage>
