{"C:\\Users\\Michele\\Desktop\\Ingegneria del Software\\progetto\\bikeManBooking\\models\\prenotazione.js": {"path":"C:\\Users\\Michele\\Desktop\\Ingegneria del Software\\progetto\\bikeManBooking\\models\\prenotazione.js","statementMap":{"0":{"start":{"line":1,"column":17},"end":{"line":1,"column":36}},"1":{"start":{"line":3,"column":26},"end":{"line":22,"column":2}},"2":{"start":{"line":24,"column":0},"end":{"line":24,"column":66}}},"fnMap":{},"branchMap":{},"s":{"0":1,"1":1,"2":1},"f":{},"b":{},"_coverageSchema":"1a1c01bbd47fc00a2c39e90264f33305004495a9","hash":"9482d8de350ea650a8f862fa38bdb1d109852de8"}
,"C:\\Users\\Michele\\Desktop\\Ingegneria del Software\\progetto\\bikeManBooking\\routes\\storico.js": {"path":"C:\\Users\\Michele\\Desktop\\Ingegneria del Software\\progetto\\bikeManBooking\\routes\\storico.js","statementMap":{"0":{"start":{"line":1,"column":16},"end":{"line":1,"column":34}},"1":{"start":{"line":2,"column":12},"end":{"line":2,"column":43}},"2":{"start":{"line":3,"column":15},"end":{"line":3,"column":31}},"3":{"start":{"line":4,"column":21},"end":{"line":4,"column":54}},"4":{"start":{"line":6,"column":0},"end":{"line":20,"column":2}},"5":{"start":{"line":7,"column":24},"end":{"line":7,"column":26}},"6":{"start":{"line":8,"column":4},"end":{"line":10,"column":5}},"7":{"start":{"line":9,"column":8},"end":{"line":9,"column":59}},"8":{"start":{"line":11,"column":4},"end":{"line":19,"column":5}},"9":{"start":{"line":12,"column":23},"end":{"line":12,"column":61}},"10":{"start":{"line":13,"column":8},"end":{"line":16,"column":10}},"11":{"start":{"line":18,"column":8},"end":{"line":18,"column":26}},"12":{"start":{"line":22,"column":0},"end":{"line":36,"column":2}},"13":{"start":{"line":24,"column":4},"end":{"line":35,"column":5}},"14":{"start":{"line":25,"column":8},"end":{"line":25,"column":53}},"15":{"start":{"line":27,"column":8},"end":{"line":27,"column":27}},"16":{"start":{"line":28,"column":8},"end":{"line":28,"column":32}},"17":{"start":{"line":30,"column":8},"end":{"line":34,"column":9}},"18":{"start":{"line":31,"column":12},"end":{"line":31,"column":42}},"19":{"start":{"line":33,"column":12},"end":{"line":33,"column":50}},"20":{"start":{"line":38,"column":0},"end":{"line":38,"column":23}}},"fnMap":{"0":{"name":"(anonymous_0)","decl":{"start":{"line":6,"column":16},"end":{"line":6,"column":17}},"loc":{"start":{"line":6,"column":36},"end":{"line":20,"column":1}},"line":6},"1":{"name":"(anonymous_1)","decl":{"start":{"line":22,"column":24},"end":{"line":22,"column":25}},"loc":{"start":{"line":22,"column":44},"end":{"line":36,"column":1}},"line":22}},"branchMap":{"0":{"loc":{"start":{"line":8,"column":4},"end":{"line":10,"column":5}},"type":"if","locations":[{"start":{"line":8,"column":4},"end":{"line":10,"column":5}},{"start":{},"end":{}}],"line":8},"1":{"loc":{"start":{"line":8,"column":7},"end":{"line":8,"column":58}},"type":"binary-expr","locations":[{"start":{"line":8,"column":7},"end":{"line":8,"column":31}},{"start":{"line":8,"column":35},"end":{"line":8,"column":58}}],"line":8},"2":{"loc":{"start":{"line":30,"column":8},"end":{"line":34,"column":9}},"type":"if","locations":[{"start":{"line":30,"column":8},"end":{"line":34,"column":9}},{"start":{"line":32,"column":14},"end":{"line":34,"column":9}}],"line":30}},"s":{"0":1,"1":1,"2":1,"3":1,"4":1,"5":0,"6":0,"7":0,"8":0,"9":0,"10":0,"11":0,"12":1,"13":0,"14":0,"15":0,"16":0,"17":0,"18":0,"19":0,"20":1},"f":{"0":0,"1":0},"b":{"0":[0,0],"1":[0,0],"2":[0,0]},"_coverageSchema":"1a1c01bbd47fc00a2c39e90264f33305004495a9","hash":"8d1ec1dbcedd11336dde808e0ee557db25361a2e"}
}
