{"C:\\Users\\samut\\Downloads\\Telegram Desktop\\asd\\calendarioMecc\\models\\prenotazione.js": {"path":"C:\\Users\\samut\\Downloads\\Telegram Desktop\\asd\\calendarioMecc\\models\\prenotazione.js","statementMap":{"0":{"start":{"line":1,"column":17},"end":{"line":1,"column":36}},"1":{"start":{"line":3,"column":26},"end":{"line":27,"column":2}},"2":{"start":{"line":29,"column":0},"end":{"line":29,"column":66}}},"fnMap":{},"branchMap":{},"s":{"0":1,"1":1,"2":1},"f":{},"b":{},"_coverageSchema":"1a1c01bbd47fc00a2c39e90264f33305004495a9","hash":"13018bec3fb87df2ae1c5177d6f4fec766115e25"}
,"C:\\Users\\samut\\Downloads\\Telegram Desktop\\asd\\calendarioMecc\\routes\\calendarioM.js": {"path":"C:\\Users\\samut\\Downloads\\Telegram Desktop\\asd\\calendarioMecc\\routes\\calendarioM.js","statementMap":{"0":{"start":{"line":1,"column":16},"end":{"line":1,"column":34}},"1":{"start":{"line":2,"column":12},"end":{"line":2,"column":43}},"2":{"start":{"line":3,"column":15},"end":{"line":3,"column":31}},"3":{"start":{"line":4,"column":21},"end":{"line":4,"column":54}},"4":{"start":{"line":8,"column":0},"end":{"line":54,"column":2}},"5":{"start":{"line":9,"column":13},"end":{"line":9,"column":15}},"6":{"start":{"line":10,"column":12},"end":{"line":10,"column":14}},"7":{"start":{"line":11,"column":4},"end":{"line":15,"column":5}},"8":{"start":{"line":12,"column":8},"end":{"line":12,"column":34}},"9":{"start":{"line":14,"column":8},"end":{"line":14,"column":49}},"10":{"start":{"line":16,"column":4},"end":{"line":41,"column":5}},"11":{"start":{"line":18,"column":12},"end":{"line":18,"column":24}},"12":{"start":{"line":19,"column":12},"end":{"line":19,"column":18}},"13":{"start":{"line":21,"column":22},"end":{"line":21,"column":33}},"14":{"start":{"line":22,"column":24},"end":{"line":22,"column":65}},"15":{"start":{"line":23,"column":22},"end":{"line":23,"column":42}},"16":{"start":{"line":24,"column":12},"end":{"line":27,"column":13}},"17":{"start":{"line":28,"column":12},"end":{"line":28,"column":18}},"18":{"start":{"line":30,"column":22},"end":{"line":30,"column":33}},"19":{"start":{"line":31,"column":24},"end":{"line":31,"column":38}},"20":{"start":{"line":32,"column":22},"end":{"line":32,"column":54}},"21":{"start":{"line":33,"column":12},"end":{"line":36,"column":13}},"22":{"start":{"line":37,"column":12},"end":{"line":37,"column":18}},"23":{"start":{"line":39,"column":12},"end":{"line":39,"column":24}},"24":{"start":{"line":40,"column":12},"end":{"line":40,"column":18}},"25":{"start":{"line":44,"column":4},"end":{"line":53,"column":5}},"26":{"start":{"line":45,"column":29},"end":{"line":45,"column":56}},"27":{"start":{"line":47,"column":8},"end":{"line":50,"column":10}},"28":{"start":{"line":52,"column":8},"end":{"line":52,"column":26}},"29":{"start":{"line":56,"column":0},"end":{"line":56,"column":23}}},"fnMap":{"0":{"name":"(anonymous_0)","decl":{"start":{"line":8,"column":16},"end":{"line":8,"column":17}},"loc":{"start":{"line":8,"column":36},"end":{"line":54,"column":1}},"line":8}},"branchMap":{"0":{"loc":{"start":{"line":11,"column":4},"end":{"line":15,"column":5}},"type":"if","locations":[{"start":{"line":11,"column":4},"end":{"line":15,"column":5}},{"start":{"line":13,"column":11},"end":{"line":15,"column":5}}],"line":11},"1":{"loc":{"start":{"line":11,"column":8},"end":{"line":11,"column":55}},"type":"binary-expr","locations":[{"start":{"line":11,"column":8},"end":{"line":11,"column":30}},{"start":{"line":11,"column":34},"end":{"line":11,"column":55}}],"line":11},"2":{"loc":{"start":{"line":16,"column":4},"end":{"line":41,"column":5}},"type":"switch","locations":[{"start":{"line":17,"column":8},"end":{"line":19,"column":18}},{"start":{"line":20,"column":8},"end":{"line":28,"column":18}},{"start":{"line":29,"column":8},"end":{"line":37,"column":18}},{"start":{"line":38,"column":8},"end":{"line":40,"column":18}}],"line":16}},"s":{"0":1,"1":1,"2":1,"3":1,"4":1,"5":1,"6":1,"7":1,"8":0,"9":0,"10":0,"11":0,"12":0,"13":0,"14":0,"15":0,"16":0,"17":0,"18":0,"19":0,"20":0,"21":0,"22":0,"23":0,"24":0,"25":0,"26":0,"27":0,"28":0,"29":1},"f":{"0":1},"b":{"0":[0,0],"1":[1,0],"2":[0,0,0,0]},"_coverageSchema":"1a1c01bbd47fc00a2c39e90264f33305004495a9","hash":"bfaade0e4c860fceb8e63541ad626ec47c3fb422"}
,"C:\\Users\\samut\\Downloads\\Telegram Desktop\\asd\\calendarioMecc\\routes\\index.js": {"path":"C:\\Users\\samut\\Downloads\\Telegram Desktop\\asd\\calendarioMecc\\routes\\index.js","statementMap":{"0":{"start":{"line":1,"column":16},"end":{"line":1,"column":34}},"1":{"start":{"line":2,"column":15},"end":{"line":2,"column":31}},"2":{"start":{"line":5,"column":0},"end":{"line":7,"column":2}},"3":{"start":{"line":6,"column":4},"end":{"line":6,"column":23}},"4":{"start":{"line":9,"column":0},"end":{"line":9,"column":23}}},"fnMap":{"0":{"name":"(anonymous_0)","decl":{"start":{"line":5,"column":16},"end":{"line":5,"column":17}},"loc":{"start":{"line":5,"column":30},"end":{"line":7,"column":1}},"line":5}},"branchMap":{},"s":{"0":1,"1":1,"2":1,"3":1,"4":1},"f":{"0":1},"b":{},"_coverageSchema":"1a1c01bbd47fc00a2c39e90264f33305004495a9","hash":"5584d94286018380c9290d5220a83eaf1134c306"}
}
